[debug] [2026-02-10T22:48:03.307Z] ----------------------------------------------------------------------
[debug] [2026-02-10T22:48:03.309Z] Command:       C:\Program Files\nodejs\node.exe C:\Users\hp\AppData\Roaming\npm\node_modules\firebase-tools\lib\bin\firebase.js init
[debug] [2026-02-10T22:48:03.309Z] CLI Version:   15.5.1
[debug] [2026-02-10T22:48:03.310Z] Platform:      win32
[debug] [2026-02-10T22:48:03.310Z] Node Version:  v24.12.0
[debug] [2026-02-10T22:48:03.310Z] Time:          Wed Feb 11 2026 00:48:03 GMT+0200 (Eastern European Standard Time)
[debug] [2026-02-10T22:48:03.310Z] ----------------------------------------------------------------------
[debug] 
[info] 
     ######## #### ########  ######## ########     ###     ######  ########
     ##        ##  ##     ## ##       ##     ##  ##   ##  ##       ##
     ######    ##  ########  ######   ########  #########  ######  ######
     ##        ##  ##    ##  ##       ##     ## ##     ##       ## ##
     ##       #### ##     ## ######## ########  ##     ##  ######  ########

You're about to initialize a Firebase project in this directory:

  C:\Users\hp\OneDrive\Desktop\Study\Courses\Vue\Artisans

[info] 
=== Project Setup
[info] 
[info] First, let's associate this project directory with a Firebase project.
[info] You can create multiple project aliases by running firebase use --add, 
[info] 
[info] 
=== Dataconnect Setup
[info] +  dataconnect: Detected existing apps . (web), vuetify-project (web) 
[info] +  Wrote dataconnect\dataconnect.yaml 
[info] +  Wrote dataconnect\seed_data.gql 
[info] +  Wrote dataconnect\schema\schema.gql 
[info] +  Wrote dataconnect\example\connector.yaml 
[info] +  Wrote dataconnect\example\queries.gql 
[info] +  Wrote dataconnect\example\mutations.gql 
[info] +  Wrote dataconnect\example\connector.yaml 
[info] i  dataconnect: Installing the generated SDKs ... 
[info] i  dataconnect: downloading dataconnect-emulator-3.1.1.exe... {"metadata":{"emulator":{"name":"dataconnect"},"message":"downloading dataconnect-emulator-3.1.1.exe..."}}
[debug] [2026-02-10T22:48:41.521Z] >>> [apiv2][query] GET https://storage.googleapis.com/firemat-preview-drop/emulator/dataconnect-emulator-windows-amd64-v3.1.1 
[debug] [2026-02-10T22:48:42.399Z] <<< [apiv2][status] GET https://storage.googleapis.com/firemat-preview-drop/emulator/dataconnect-emulator-windows-amd64-v3.1.1 200
[debug] [2026-02-10T22:48:42.399Z] <<< [apiv2][body] GET https://storage.googleapis.com/firemat-preview-drop/emulator/dataconnect-emulator-windows-amd64-v3.1.1 [stream]
[debug] [2026-02-10T22:49:48.549Z] defaultcredentials: writing to file C:\Users\hp\AppData\Roaming\firebase\yousef_4764_limu_edu.ly_application_default_credentials.json
[info] +  dataconnect: Installed generated SDKs for . (web) 
[info] 
=== Firestore Setup
[info] 
[info] Firestore Security Rules allow you to define how and when to allow
[info] requests. You can keep these rules in your project directory
[info] and publish them with firebase deploy.
[info] 
